Determining if the pthread_create exist failed with the following output:
Change Dir: /home/lke/kusv_ke/kusv_ros/build/CMakeFiles/CMakeTmp

Run Build Command:"/usr/bin/make" "cmTC_97e6c/fast"
/usr/bin/make -f CMakeFiles/cmTC_97e6c.dir/build.make CMakeFiles/cmTC_97e6c.dir/build
make[1]: 디렉터리 '/home/lke/kusv_ke/kusv_ros/build/CMakeFiles/CMakeTmp' 들어감
Building C object CMakeFiles/cmTC_97e6c.dir/CheckSymbolExists.c.o
/usr/bin/cc     -o CMakeFiles/cmTC_97e6c.dir/CheckSymbolExists.c.o   -c /home/lke/kusv_ke/kusv_ros/build/CMakeFiles/CMakeTmp/CheckSymbolExists.c
Linking C executable cmTC_97e6c
/usr/bin/cmake -E cmake_link_script CMakeFiles/cmTC_97e6c.dir/link.txt --verbose=1
/usr/bin/cc       CMakeFiles/cmTC_97e6c.dir/CheckSymbolExists.c.o  -o cmTC_97e6c -rdynamic 
CMakeFiles/cmTC_97e6c.dir/CheckSymbolExists.c.o: In function `main':
CheckSymbolExists.c:(.text+0x16): undefined reference to `pthread_create'
collect2: error: ld returned 1 exit status
CMakeFiles/cmTC_97e6c.dir/build.make:97: 'cmTC_97e6c' 타겟에 대한 명령이 실패했습니다
make[1]: *** [cmTC_97e6c] 오류 1
make[1]: 디렉터리 '/home/lke/kusv_ke/kusv_ros/build/CMakeFiles/CMakeTmp' 나감
Makefile:126: 'cmTC_97e6c/fast' 타겟에 대한 명령이 실패했습니다
make: *** [cmTC_97e6c/fast] 오류 2

File /home/lke/kusv_ke/kusv_ros/build/CMakeFiles/CMakeTmp/CheckSymbolExists.c:
/* */
#include <pthread.h>

int main(int argc, char** argv)
{
  (void)argv;
#ifndef pthread_create
  return ((int*)(&pthread_create))[argc];
#else
  (void)argc;
  return 0;
#endif
}

Determining if the function pthread_create exists in the pthreads failed with the following output:
Change Dir: /home/lke/kusv_ke/kusv_ros/build/CMakeFiles/CMakeTmp

Run Build Command:"/usr/bin/make" "cmTC_ad6a1/fast"
/usr/bin/make -f CMakeFiles/cmTC_ad6a1.dir/build.make CMakeFiles/cmTC_ad6a1.dir/build
make[1]: 디렉터리 '/home/lke/kusv_ke/kusv_ros/build/CMakeFiles/CMakeTmp' 들어감
Building C object CMakeFiles/cmTC_ad6a1.dir/CheckFunctionExists.c.o
/usr/bin/cc    -DCHECK_FUNCTION_EXISTS=pthread_create   -o CMakeFiles/cmTC_ad6a1.dir/CheckFunctionExists.c.o   -c /usr/share/cmake-3.5/Modules/CheckFunctionExists.c
Linking C executable cmTC_ad6a1
/usr/bin/cmake -E cmake_link_script CMakeFiles/cmTC_ad6a1.dir/link.txt --verbose=1
/usr/bin/cc   -DCHECK_FUNCTION_EXISTS=pthread_create    CMakeFiles/cmTC_ad6a1.dir/CheckFunctionExists.c.o  -o cmTC_ad6a1 -rdynamic -lpthreads 
/usr/bin/ld: cannot find -lpthreads
collect2: error: ld returned 1 exit status
CMakeFiles/cmTC_ad6a1.dir/build.make:97: 'cmTC_ad6a1' 타겟에 대한 명령이 실패했습니다
make[1]: *** [cmTC_ad6a1] 오류 1
make[1]: 디렉터리 '/home/lke/kusv_ke/kusv_ros/build/CMakeFiles/CMakeTmp' 나감
Makefile:126: 'cmTC_ad6a1/fast' 타겟에 대한 명령이 실패했습니다
make: *** [cmTC_ad6a1/fast] 오류 2


